<?xml version="1.0" encoding="UTF-8"?>
<testng-results ignored="0" total="1" passed="1" failed="0" skipped="0">
  <reporter-output>
  </reporter-output>
  <suite started-at="2020-12-24T00:51:04 IST" name="Default suite" finished-at="2020-12-24T00:51:30 IST" duration-ms="26150">
    <groups>
    </groups>
    <test started-at="2020-12-24T00:51:04 IST" name="Default test" finished-at="2020-12-24T00:51:30 IST" duration-ms="26150">
      <class name="sample.Demo">
        <test-method signature="login()[pri:0, instance:sample.Demo@4387b79e]" started-at="2020-12-24T00:51:04 IST" name="login" finished-at="2020-12-24T00:51:30 IST" duration-ms="26127" status="PASS">
          <reporter-output>
          </reporter-output>
        </test-method> <!-- login -->
      </class> <!-- sample.Demo -->
    </test> <!-- Default test -->
  </suite> <!-- Default suite -->
</testng-results>
